2022-11-25 14:15:57,836 INFO scheduler Scheduled Job Start: erpnext.hr.doctype.shift_type.shift_type.process_auto_attendance_for_all_shifts for dcodeerp13.com
2022-11-25 14:15:59,907 INFO scheduler Scheduled Job Complete: erpnext.hr.doctype.shift_type.shift_type.process_auto_attendance_for_all_shifts for dcodeerp13.com
2022-11-25 14:16:00,406 INFO scheduler Scheduled Job Start: erpnext.stock.doctype.repost_item_valuation.repost_item_valuation.repost_entries for dcodeerp13.com
2022-11-25 14:16:01,039 INFO scheduler Scheduled Job Complete: erpnext.stock.doctype.repost_item_valuation.repost_item_valuation.repost_entries for dcodeerp13.com
2022-11-25 14:16:01,212 INFO scheduler Scheduled Job Start: erpnext.accounts.doctype.subscription.subscription.process_all for dcodeerp13.com
2022-11-25 14:16:02,199 INFO scheduler Scheduled Job Complete: erpnext.accounts.doctype.subscription.subscription.process_all for dcodeerp13.com
2022-11-25 14:16:02,329 INFO scheduler Scheduled Job Start: erpnext.loan_management.doctype.process_loan_interest_accrual.process_loan_interest_accrual.process_loan_interest_accrual_for_demand_loans for dcodeerp13.com
2022-11-25 14:16:03,216 INFO scheduler Scheduled Job Start: erpnext.hr.doctype.employee.employee_reminders.send_reminders_in_advance_weekly for dcodeerp13.com
2022-11-25 14:16:03,609 DEBUG scheduler Queued events for site dcodeerp13.com
2022-11-25 14:16:03,932 INFO scheduler Scheduled Job Complete: erpnext.hr.doctype.employee.employee_reminders.send_reminders_in_advance_weekly for dcodeerp13.com
2022-11-25 14:16:04,094 INFO scheduler Scheduled Job Start: erpnext.hr.doctype.employee.employee_reminders.send_reminders_in_advance_monthly for dcodeerp13.com
2022-11-25 14:16:04,454 INFO scheduler Scheduled Job Complete: erpnext.hr.doctype.employee.employee_reminders.send_reminders_in_advance_monthly for dcodeerp13.com
2022-11-25 14:16:04,489 INFO scheduler Scheduled Job Complete: erpnext.loan_management.doctype.process_loan_interest_accrual.process_loan_interest_accrual.process_loan_interest_accrual_for_demand_loans for dcodeerp13.com
2022-11-25 14:16:04,575 INFO scheduler Scheduled Job Start: erpnext.hr.doctype.interview.interview.send_daily_feedback_reminder for dcodeerp13.com
2022-11-25 14:16:04,616 INFO scheduler Scheduled Job Start: erpnext.accounts.deferred_revenue.process_deferred_accounting for dcodeerp13.com
2022-11-25 14:16:05,124 INFO scheduler Scheduled Job Complete: erpnext.hr.doctype.interview.interview.send_daily_feedback_reminder for dcodeerp13.com
2022-11-25 14:16:05,221 INFO scheduler Scheduled Job Start: erpnext.non_profit.doctype.membership.membership.set_expired_status for dcodeerp13.com
2022-11-25 14:16:05,321 INFO scheduler Scheduled Job Complete: erpnext.accounts.deferred_revenue.process_deferred_accounting for dcodeerp13.com
2022-11-25 14:16:05,431 INFO scheduler Scheduled Job Start: erpnext.crm.doctype.lead.lead.daily_open_lead for dcodeerp13.com
2022-11-25 14:16:05,623 INFO scheduler Scheduled Job Complete: erpnext.non_profit.doctype.membership.membership.set_expired_status for dcodeerp13.com
2022-11-25 14:16:05,767 INFO scheduler Scheduled Job Start: erpnext.accounts.doctype.process_statement_of_accounts.process_statement_of_accounts.send_auto_email for dcodeerp13.com
2022-11-25 14:16:05,982 INFO scheduler Scheduled Job Complete: erpnext.crm.doctype.lead.lead.daily_open_lead for dcodeerp13.com
2022-11-25 14:16:06,098 INFO scheduler Scheduled Job Start: erpnext.loan_management.doctype.process_loan_interest_accrual.process_loan_interest_accrual.process_loan_interest_accrual_for_term_loans for dcodeerp13.com
2022-11-25 14:16:06,549 INFO scheduler Scheduled Job Complete: erpnext.accounts.doctype.process_statement_of_accounts.process_statement_of_accounts.send_auto_email for dcodeerp13.com
2022-11-25 14:16:06,552 INFO scheduler Scheduled Job Complete: erpnext.loan_management.doctype.process_loan_interest_accrual.process_loan_interest_accrual.process_loan_interest_accrual_for_term_loans for dcodeerp13.com
2022-11-25 14:16:07,015 INFO scheduler Scheduled Job Start: erpnext.loan_management.doctype.process_loan_security_shortfall.process_loan_security_shortfall.create_process_loan_security_shortfall for dcodeerp13.com
2022-11-25 14:16:07,054 INFO scheduler Scheduled Job Start: erpnext.buying.doctype.supplier_quotation.supplier_quotation.set_expired_status for dcodeerp13.com
2022-11-25 14:16:07,528 INFO scheduler Scheduled Job Complete: erpnext.loan_management.doctype.process_loan_security_shortfall.process_loan_security_shortfall.create_process_loan_security_shortfall for dcodeerp13.com
2022-11-25 14:16:07,762 INFO scheduler Scheduled Job Complete: erpnext.buying.doctype.supplier_quotation.supplier_quotation.set_expired_status for dcodeerp13.com
2022-11-25 14:16:08,127 INFO scheduler Scheduled Job Start: erpnext.hr.utils.allocate_earned_leaves for dcodeerp13.com
2022-11-25 14:16:08,287 INFO scheduler Scheduled Job Start: erpnext.healthcare.doctype.patient_appointment.patient_appointment.update_appointment_status for dcodeerp13.com
2022-11-25 14:16:08,556 INFO scheduler Scheduled Job Complete: erpnext.hr.utils.allocate_earned_leaves for dcodeerp13.com
2022-11-25 14:16:08,560 INFO scheduler Scheduled Job Failed: erpnext.healthcare.doctype.patient_appointment.patient_appointment.update_appointment_status for dcodeerp13.com
2022-11-25 14:16:08,678 INFO scheduler Scheduled Job Start: erpnext.hr.utils.generate_leave_encashment for dcodeerp13.com
2022-11-25 14:16:08,699 INFO scheduler Scheduled Job Start: erpnext.selling.doctype.quotation.quotation.set_expired_status for dcodeerp13.com
2022-11-25 14:16:09,275 INFO scheduler Scheduled Job Complete: erpnext.hr.utils.generate_leave_encashment for dcodeerp13.com
2022-11-25 14:16:09,338 INFO scheduler Scheduled Job Complete: erpnext.selling.doctype.quotation.quotation.set_expired_status for dcodeerp13.com
2022-11-25 14:16:09,695 INFO scheduler Scheduled Job Start: erpnext.hr.doctype.leave_ledger_entry.leave_ledger_entry.process_expired_allocation for dcodeerp13.com
2022-11-25 14:16:09,721 INFO scheduler Scheduled Job Start: erpnext.crm.doctype.email_campaign.email_campaign.set_email_campaign_status for dcodeerp13.com
2022-11-25 14:16:10,034 INFO scheduler Scheduled Job Complete: erpnext.hr.doctype.leave_ledger_entry.leave_ledger_entry.process_expired_allocation for dcodeerp13.com
2022-11-25 14:16:10,134 INFO scheduler Scheduled Job Complete: erpnext.crm.doctype.email_campaign.email_campaign.set_email_campaign_status for dcodeerp13.com
2022-11-25 14:16:10,200 INFO scheduler Scheduled Job Start: erpnext.manufacturing.doctype.bom_update_tool.bom_update_tool.auto_update_latest_price_in_all_boms for dcodeerp13.com
2022-11-25 14:16:10,761 INFO scheduler Scheduled Job Start: erpnext.crm.doctype.email_campaign.email_campaign.send_email_to_leads_or_contacts for dcodeerp13.com
2022-11-25 14:16:11,051 INFO scheduler Scheduled Job Complete: erpnext.manufacturing.doctype.bom_update_tool.bom_update_tool.auto_update_latest_price_in_all_boms for dcodeerp13.com
2022-11-25 14:16:11,093 INFO scheduler Scheduled Job Complete: erpnext.crm.doctype.email_campaign.email_campaign.send_email_to_leads_or_contacts for dcodeerp13.com
2022-11-25 14:16:11,157 INFO scheduler Scheduled Job Start: erpnext.setup.doctype.email_digest.email_digest.send for dcodeerp13.com
2022-11-25 14:16:11,218 INFO scheduler Scheduled Job Start: erpnext.support.doctype.service_level_agreement.service_level_agreement.check_agreement_status for dcodeerp13.com
2022-11-25 14:16:11,761 INFO scheduler Scheduled Job Complete: erpnext.support.doctype.service_level_agreement.service_level_agreement.check_agreement_status for dcodeerp13.com
2022-11-25 14:16:11,912 INFO scheduler Scheduled Job Start: erpnext.quality_management.doctype.quality_review.quality_review.review for dcodeerp13.com
2022-11-25 14:16:11,922 INFO scheduler Scheduled Job Failed: erpnext.setup.doctype.email_digest.email_digest.send for dcodeerp13.com
2022-11-25 14:16:12,087 INFO scheduler Scheduled Job Start: frappe.integrations.doctype.s3_backup_settings.s3_backup_settings.take_backups_monthly for dcodeerp13.com
2022-11-25 14:16:12,473 INFO scheduler Scheduled Job Complete: erpnext.quality_management.doctype.quality_review.quality_review.review for dcodeerp13.com
2022-11-25 14:16:12,618 INFO scheduler Scheduled Job Start: erpnext.projects.doctype.project.project.send_project_status_email_to_users for dcodeerp13.com
2022-11-25 14:16:13,199 INFO scheduler Scheduled Job Complete: erpnext.projects.doctype.project.project.send_project_status_email_to_users for dcodeerp13.com
2022-11-25 14:16:13,340 INFO scheduler Scheduled Job Start: erpnext.projects.doctype.project.project.update_project_sales_billing for dcodeerp13.com
2022-11-25 14:16:13,769 INFO scheduler Scheduled Job Complete: erpnext.projects.doctype.project.project.update_project_sales_billing for dcodeerp13.com
2022-11-25 14:16:13,901 INFO scheduler Scheduled Job Complete: frappe.integrations.doctype.s3_backup_settings.s3_backup_settings.take_backups_monthly for dcodeerp13.com
2022-11-25 14:16:14,052 INFO scheduler Scheduled Job Start: frappe.integrations.doctype.google_drive.google_drive.weekly_backup for dcodeerp13.com
2022-11-25 14:16:14,272 INFO scheduler Scheduled Job Start: erpnext.crm.doctype.contract.contract.update_status_for_contracts for dcodeerp13.com
2022-11-25 14:16:14,751 INFO scheduler Scheduled Job Complete: erpnext.crm.doctype.contract.contract.update_status_for_contracts for dcodeerp13.com
2022-11-25 14:16:14,966 INFO scheduler Scheduled Job Start: erpnext.assets.doctype.asset.asset.make_post_gl_entry for dcodeerp13.com
2022-11-25 14:16:15,880 INFO scheduler Scheduled Job Complete: erpnext.assets.doctype.asset.asset.make_post_gl_entry for dcodeerp13.com
2022-11-25 14:16:16,040 INFO scheduler Scheduled Job Start: erpnext.assets.doctype.asset.asset.update_maintenance_status for dcodeerp13.com
2022-11-25 14:16:16,311 INFO scheduler Scheduled Job Complete: frappe.integrations.doctype.google_drive.google_drive.weekly_backup for dcodeerp13.com
2022-11-25 14:16:16,464 INFO scheduler Scheduled Job Start: frappe.social.doctype.energy_point_log.energy_point_log.send_weekly_summary for dcodeerp13.com
2022-11-25 14:16:16,640 INFO scheduler Scheduled Job Complete: erpnext.assets.doctype.asset.asset.update_maintenance_status for dcodeerp13.com
2022-11-25 14:16:16,750 INFO scheduler Scheduled Job Start: erpnext.setup.doctype.company.company.cache_companies_monthly_sales_history for dcodeerp13.com
2022-11-25 14:16:16,754 INFO scheduler Scheduled Job Complete: frappe.social.doctype.energy_point_log.energy_point_log.send_weekly_summary for dcodeerp13.com
2022-11-25 14:16:16,856 INFO scheduler Scheduled Job Start: frappe.desk.form.document_follow.send_weekly_updates for dcodeerp13.com
2022-11-25 14:16:17,280 INFO scheduler Scheduled Job Complete: frappe.desk.form.document_follow.send_weekly_updates for dcodeerp13.com
2022-11-25 14:16:17,307 INFO scheduler Scheduled Job Complete: erpnext.setup.doctype.company.company.cache_companies_monthly_sales_history for dcodeerp13.com
2022-11-25 14:16:17,450 INFO scheduler Scheduled Job Start: erpnext.buying.doctype.supplier_scorecard.supplier_scorecard.refresh_scorecards for dcodeerp13.com
2022-11-25 14:16:17,461 INFO scheduler Scheduled Job Start: frappe.desk.doctype.route_history.route_history.flush_old_route_records for dcodeerp13.com
2022-11-25 14:16:17,862 INFO scheduler Scheduled Job Complete: erpnext.buying.doctype.supplier_scorecard.supplier_scorecard.refresh_scorecards for dcodeerp13.com
2022-11-25 14:16:18,019 INFO scheduler Scheduled Job Complete: frappe.desk.doctype.route_history.route_history.flush_old_route_records for dcodeerp13.com
2022-11-25 14:16:18,091 INFO scheduler Scheduled Job Start: erpnext.stock.doctype.serial_no.serial_no.update_maintenance_status for dcodeerp13.com
2022-11-25 14:16:18,152 INFO scheduler Scheduled Job Start: frappe.integrations.doctype.s3_backup_settings.s3_backup_settings.take_backups_weekly for dcodeerp13.com
2022-11-25 14:16:18,461 INFO scheduler Scheduled Job Complete: erpnext.stock.doctype.serial_no.serial_no.update_maintenance_status for dcodeerp13.com
2022-11-25 14:16:18,562 INFO scheduler Scheduled Job Complete: frappe.integrations.doctype.s3_backup_settings.s3_backup_settings.take_backups_weekly for dcodeerp13.com
2022-11-25 14:16:18,579 INFO scheduler Scheduled Job Start: erpnext.hr.doctype.daily_work_summary_group.daily_work_summary_group.send_summary for dcodeerp13.com
2022-11-25 14:16:18,676 INFO scheduler Scheduled Job Start: frappe.integrations.doctype.dropbox_settings.dropbox_settings.take_backups_weekly for dcodeerp13.com
2022-11-25 14:16:19,015 INFO scheduler Scheduled Job Complete: erpnext.hr.doctype.daily_work_summary_group.daily_work_summary_group.send_summary for dcodeerp13.com
2022-11-25 14:16:19,107 INFO scheduler Scheduled Job Start: erpnext.assets.doctype.asset.depreciation.post_depreciation_entries for dcodeerp13.com
2022-11-25 14:16:19,361 INFO scheduler Scheduled Job Complete: erpnext.assets.doctype.asset.depreciation.post_depreciation_entries for dcodeerp13.com
2022-11-25 14:16:19,451 INFO scheduler Scheduled Job Start: erpnext.projects.doctype.task.task.set_tasks_as_overdue for dcodeerp13.com
2022-11-25 14:16:19,464 INFO scheduler Scheduled Job Complete: frappe.integrations.doctype.dropbox_settings.dropbox_settings.take_backups_weekly for dcodeerp13.com
2022-11-25 14:16:19,557 INFO scheduler Scheduled Job Start: frappe.integrations.doctype.google_drive.google_drive.daily_backup for dcodeerp13.com
2022-11-25 14:16:19,845 INFO scheduler Scheduled Job Complete: erpnext.projects.doctype.task.task.set_tasks_as_overdue for dcodeerp13.com
2022-11-25 14:16:19,938 INFO scheduler Scheduled Job Start: erpnext.hr.doctype.employee.employee_reminders.send_birthday_reminders for dcodeerp13.com
2022-11-25 14:16:20,081 INFO scheduler Scheduled Job Complete: frappe.integrations.doctype.google_drive.google_drive.daily_backup for dcodeerp13.com
2022-11-25 14:16:20,182 INFO scheduler Scheduled Job Start: frappe.email.doctype.auto_email_report.auto_email_report.send_daily for dcodeerp13.com
2022-11-25 14:16:20,294 INFO scheduler Scheduled Job Complete: erpnext.hr.doctype.employee.employee_reminders.send_birthday_reminders for dcodeerp13.com
2022-11-25 14:16:20,391 INFO scheduler Scheduled Job Start: erpnext.hr.doctype.employee.employee_reminders.send_work_anniversary_reminders for dcodeerp13.com
2022-11-25 14:16:20,738 INFO scheduler Scheduled Job Complete: erpnext.hr.doctype.employee.employee_reminders.send_work_anniversary_reminders for dcodeerp13.com
2022-11-25 14:16:20,854 INFO scheduler Scheduled Job Start: erpnext.accounts.doctype.fiscal_year.fiscal_year.auto_create_fiscal_year for dcodeerp13.com
2022-11-25 14:16:21,174 INFO scheduler Scheduled Job Complete: erpnext.accounts.doctype.fiscal_year.fiscal_year.auto_create_fiscal_year for dcodeerp13.com
2022-11-25 14:16:21,342 INFO scheduler Scheduled Job Start: erpnext.controllers.accounts_controller.update_invoice_status for dcodeerp13.com
2022-11-25 14:16:21,878 INFO scheduler Scheduled Job Complete: erpnext.controllers.accounts_controller.update_invoice_status for dcodeerp13.com
2022-11-25 14:16:21,992 INFO scheduler Scheduled Job Start: erpnext.crm.doctype.opportunity.opportunity.auto_close_opportunity for dcodeerp13.com
2022-11-25 14:16:22,897 INFO scheduler Scheduled Job Complete: erpnext.crm.doctype.opportunity.opportunity.auto_close_opportunity for dcodeerp13.com
2022-11-25 14:16:23,172 INFO scheduler Scheduled Job Start: erpnext.support.doctype.issue.issue.auto_close_tickets for dcodeerp13.com
2022-11-25 14:16:23,823 INFO scheduler Scheduled Job Complete: erpnext.support.doctype.issue.issue.auto_close_tickets for dcodeerp13.com
2022-11-25 14:16:24,098 INFO scheduler Scheduled Job Start: erpnext.erpnext_integrations.connectors.shopify_connection.sync_old_orders for dcodeerp13.com
2022-11-25 14:16:25,739 INFO scheduler Scheduled Job Complete: erpnext.erpnext_integrations.connectors.shopify_connection.sync_old_orders for dcodeerp13.com
2022-11-25 14:16:26,180 INFO scheduler Scheduled Job Start: erpnext.support.doctype.issue.issue.set_service_level_agreement_variance for dcodeerp13.com
2022-11-25 14:16:27,788 INFO scheduler Scheduled Job Complete: erpnext.support.doctype.issue.issue.set_service_level_agreement_variance for dcodeerp13.com
2022-11-25 14:16:28,000 INFO scheduler Scheduled Job Start: erpnext.projects.doctype.project.project.collect_project_status for dcodeerp13.com
2022-11-25 14:16:28,884 INFO scheduler Scheduled Job Complete: erpnext.projects.doctype.project.project.collect_project_status for dcodeerp13.com
2022-11-25 14:16:29,589 INFO scheduler Scheduled Job Start: erpnext.projects.doctype.project.project.hourly_reminder for dcodeerp13.com
2022-11-25 14:16:30,102 INFO scheduler Scheduled Job Complete: erpnext.projects.doctype.project.project.hourly_reminder for dcodeerp13.com
2022-11-25 14:16:30,290 INFO scheduler Scheduled Job Start: erpnext.erpnext_integrations.doctype.plaid_settings.plaid_settings.automatic_synchronization for dcodeerp13.com
2022-11-25 14:16:32,332 INFO scheduler Scheduled Job Complete: erpnext.erpnext_integrations.doctype.plaid_settings.plaid_settings.automatic_synchronization for dcodeerp13.com
2022-11-25 14:16:32,482 INFO scheduler Scheduled Job Start: erpnext.erpnext_integrations.doctype.amazon_mws_settings.amazon_mws_settings.schedule_get_order_details for dcodeerp13.com
2022-11-25 14:16:33,225 INFO scheduler Scheduled Job Complete: erpnext.erpnext_integrations.doctype.amazon_mws_settings.amazon_mws_settings.schedule_get_order_details for dcodeerp13.com
2022-11-25 14:16:33,443 INFO scheduler Scheduled Job Start: erpnext.hr.doctype.daily_work_summary_group.daily_work_summary_group.trigger_emails for dcodeerp13.com
2022-11-25 14:16:33,943 INFO scheduler Scheduled Job Complete: erpnext.hr.doctype.daily_work_summary_group.daily_work_summary_group.trigger_emails for dcodeerp13.com
2022-11-25 14:16:34,166 INFO scheduler Scheduled Job Start: erpnext.crm.doctype.social_media_post.social_media_post.process_scheduled_social_media_posts for dcodeerp13.com
2022-11-25 14:16:34,608 INFO scheduler Scheduled Job Complete: erpnext.crm.doctype.social_media_post.social_media_post.process_scheduled_social_media_posts for dcodeerp13.com
2022-11-25 14:16:34,647 INFO scheduler Scheduled Job Complete: frappe.email.doctype.auto_email_report.auto_email_report.send_daily for dcodeerp13.com
2022-11-25 14:16:34,689 INFO scheduler Scheduled Job Start: erpnext.hr.doctype.interview.interview.send_interview_reminder for dcodeerp13.com
2022-11-25 14:16:34,764 INFO scheduler Scheduled Job Start: frappe.integrations.doctype.s3_backup_settings.s3_backup_settings.take_backups_daily for dcodeerp13.com
2022-11-25 14:16:35,056 INFO scheduler Scheduled Job Complete: erpnext.hr.doctype.interview.interview.send_interview_reminder for dcodeerp13.com
2022-11-25 14:16:35,135 INFO scheduler Scheduled Job Start: erpnext.healthcare.doctype.patient_appointment.patient_appointment.send_appointment_reminder for dcodeerp13.com
2022-11-25 14:16:35,150 INFO scheduler Scheduled Job Complete: frappe.integrations.doctype.s3_backup_settings.s3_backup_settings.take_backups_daily for dcodeerp13.com
2022-11-25 14:16:35,280 INFO scheduler Scheduled Job Start: frappe.utils.change_log.check_for_update for dcodeerp13.com
2022-11-25 14:16:35,585 INFO scheduler Scheduled Job Complete: erpnext.healthcare.doctype.patient_appointment.patient_appointment.send_appointment_reminder for dcodeerp13.com
2022-11-25 14:16:35,660 INFO scheduler Scheduled Job Start: erpnext.projects.doctype.project.project.project_status_update_reminder for dcodeerp13.com
2022-11-25 14:16:36,046 INFO scheduler Scheduled Job Complete: erpnext.projects.doctype.project.project.project_status_update_reminder for dcodeerp13.com
2022-11-25 14:16:36,129 INFO scheduler Scheduled Job Start: erpnext.stock.reorder_item.reorder_item for dcodeerp13.com
2022-11-25 14:16:36,691 INFO scheduler Scheduled Job Complete: erpnext.stock.reorder_item.reorder_item for dcodeerp13.com
2022-11-25 14:16:36,884 INFO scheduler Scheduled Job Start: erpnext.accounts.doctype.gl_entry.gl_entry.rename_gle_sle_docs for dcodeerp13.com
2022-11-25 14:16:37,362 INFO scheduler Scheduled Job Complete: frappe.utils.change_log.check_for_update for dcodeerp13.com
2022-11-25 14:16:37,474 INFO scheduler Scheduled Job Complete: erpnext.accounts.doctype.gl_entry.gl_entry.rename_gle_sle_docs for dcodeerp13.com
2022-11-25 14:16:37,484 INFO scheduler Scheduled Job Start: frappe.integrations.doctype.dropbox_settings.dropbox_settings.take_backups_daily for dcodeerp13.com
2022-11-25 14:16:37,565 INFO scheduler Scheduled Job Start: erpnext.utilities.doctype.video.video.update_youtube_data for dcodeerp13.com
2022-11-25 14:16:38,078 INFO scheduler Scheduled Job Complete: frappe.integrations.doctype.dropbox_settings.dropbox_settings.take_backups_daily for dcodeerp13.com
2022-11-25 14:16:38,998 INFO scheduler Scheduled Job Complete: erpnext.utilities.doctype.video.video.update_youtube_data for dcodeerp13.com
2022-11-25 14:16:39,121 INFO scheduler Scheduled Job Start: erpnext.manufacturing.doctype.bom_update_log.bom_update_log.resume_bom_cost_update_jobs for dcodeerp13.com
2022-11-25 14:16:39,439 INFO scheduler Scheduled Job Complete: erpnext.manufacturing.doctype.bom_update_log.bom_update_log.resume_bom_cost_update_jobs for dcodeerp13.com
2022-11-25 14:16:39,548 INFO scheduler Scheduled Job Start: frappe.social.doctype.energy_point_log.energy_point_log.send_monthly_summary for dcodeerp13.com
2022-11-25 14:16:39,795 INFO scheduler Scheduled Job Complete: frappe.social.doctype.energy_point_log.energy_point_log.send_monthly_summary for dcodeerp13.com
2022-11-25 14:16:39,908 INFO scheduler Scheduled Job Start: frappe.email.doctype.auto_email_report.auto_email_report.send_monthly for dcodeerp13.com
2022-11-25 14:16:40,526 INFO scheduler Scheduled Job Complete: frappe.email.doctype.auto_email_report.auto_email_report.send_monthly for dcodeerp13.com
2022-11-25 14:16:40,676 INFO scheduler Scheduled Job Start: frappe.core.doctype.log_settings.log_settings.run_log_clean_up for dcodeerp13.com
2022-11-25 14:16:41,077 INFO scheduler Scheduled Job Complete: frappe.core.doctype.log_settings.log_settings.run_log_clean_up for dcodeerp13.com
2022-11-25 14:16:41,185 INFO scheduler Scheduled Job Start: frappe.core.doctype.prepared_report.prepared_report.delete_expired_prepared_reports for dcodeerp13.com
2022-11-25 14:16:41,621 INFO scheduler Scheduled Job Complete: frappe.core.doctype.prepared_report.prepared_report.delete_expired_prepared_reports for dcodeerp13.com
2022-11-25 14:16:41,746 INFO scheduler Scheduled Job Start: frappe.email.doctype.unhandled_email.unhandled_email.remove_old_unhandled_emails for dcodeerp13.com
2022-11-25 14:16:42,124 INFO scheduler Scheduled Job Complete: frappe.email.doctype.unhandled_email.unhandled_email.remove_old_unhandled_emails for dcodeerp13.com
2022-11-25 14:16:42,242 INFO scheduler Scheduled Job Start: frappe.automation.doctype.auto_repeat.auto_repeat.set_auto_repeat_as_completed for dcodeerp13.com
2022-11-25 14:16:42,579 INFO scheduler Scheduled Job Complete: frappe.automation.doctype.auto_repeat.auto_repeat.set_auto_repeat_as_completed for dcodeerp13.com
2022-11-25 14:16:42,678 INFO scheduler Scheduled Job Start: frappe.automation.doctype.auto_repeat.auto_repeat.make_auto_repeat_entry for dcodeerp13.com
2022-11-25 14:16:43,099 INFO scheduler Scheduled Job Complete: frappe.automation.doctype.auto_repeat.auto_repeat.make_auto_repeat_entry for dcodeerp13.com
2022-11-25 14:16:43,186 INFO scheduler Scheduled Job Start: frappe.integrations.doctype.google_contacts.google_contacts.sync for dcodeerp13.com
2022-11-25 14:16:43,871 INFO scheduler Scheduled Job Complete: frappe.integrations.doctype.google_contacts.google_contacts.sync for dcodeerp13.com
2022-11-25 14:16:43,973 INFO scheduler Scheduled Job Start: frappe.social.doctype.energy_point_settings.energy_point_settings.allocate_review_points for dcodeerp13.com
2022-11-25 14:16:44,331 INFO scheduler Scheduled Job Complete: frappe.social.doctype.energy_point_settings.energy_point_settings.allocate_review_points for dcodeerp13.com
2022-11-25 14:16:44,415 INFO scheduler Scheduled Job Start: frappe.desk.form.document_follow.send_daily_updates for dcodeerp13.com
2022-11-25 14:16:44,665 INFO scheduler Scheduled Job Complete: frappe.desk.form.document_follow.send_daily_updates for dcodeerp13.com
2022-11-25 14:16:44,746 INFO scheduler Scheduled Job Start: frappe.website.doctype.personal_data_deletion_request.personal_data_deletion_request.remove_unverified_record for dcodeerp13.com
2022-11-25 14:16:45,001 INFO scheduler Scheduled Job Complete: frappe.website.doctype.personal_data_deletion_request.personal_data_deletion_request.remove_unverified_record for dcodeerp13.com
2022-11-25 14:16:45,139 INFO scheduler Scheduled Job Start: frappe.email.doctype.notification.notification.trigger_daily_alerts for dcodeerp13.com
2022-11-25 14:16:45,498 INFO scheduler Scheduled Job Complete: frappe.email.doctype.notification.notification.trigger_daily_alerts for dcodeerp13.com
2022-11-25 14:16:45,588 INFO scheduler Scheduled Job Start: frappe.sessions.clear_expired_sessions for dcodeerp13.com
2022-11-25 14:16:45,900 INFO scheduler Scheduled Job Complete: frappe.sessions.clear_expired_sessions for dcodeerp13.com
2022-11-25 14:16:46,024 INFO scheduler Scheduled Job Start: frappe.desk.doctype.event.event.send_event_digest for dcodeerp13.com
2022-11-25 14:16:46,347 INFO scheduler Scheduled Job Complete: frappe.desk.doctype.event.event.send_event_digest for dcodeerp13.com
2022-11-25 14:16:46,436 INFO scheduler Scheduled Job Start: frappe.core.doctype.error_log.error_log.set_old_logs_as_seen for dcodeerp13.com
2022-11-25 14:16:46,752 INFO scheduler Scheduled Job Complete: frappe.core.doctype.error_log.error_log.set_old_logs_as_seen for dcodeerp13.com
2022-11-25 14:16:46,856 INFO scheduler Scheduled Job Start: frappe.desk.notifications.clear_notifications for dcodeerp13.com
2022-11-25 14:16:47,195 INFO scheduler Scheduled Job Complete: frappe.desk.notifications.clear_notifications for dcodeerp13.com
2022-11-25 14:16:47,302 INFO scheduler Scheduled Job Start: frappe.email.queue.set_expiry_for_email_queue for dcodeerp13.com
2022-11-25 14:16:47,640 INFO scheduler Scheduled Job Complete: frappe.email.queue.set_expiry_for_email_queue for dcodeerp13.com
2022-11-25 14:16:47,811 INFO scheduler Scheduled Job Start: frappe.email.doctype.newsletter.newsletter.send_scheduled_email for dcodeerp13.com
2022-11-25 14:16:48,266 INFO scheduler Scheduled Job Complete: frappe.email.doctype.newsletter.newsletter.send_scheduled_email for dcodeerp13.com
2022-11-25 14:16:48,415 INFO scheduler Scheduled Job Start: frappe.integrations.doctype.google_calendar.google_calendar.sync for dcodeerp13.com
2022-11-25 14:16:48,957 INFO scheduler Scheduled Job Complete: frappe.integrations.doctype.google_calendar.google_calendar.sync for dcodeerp13.com
2022-11-25 14:16:49,128 INFO scheduler Scheduled Job Start: frappe.desk.form.document_follow.send_hourly_updates for dcodeerp13.com
2022-11-25 14:16:49,449 INFO scheduler Scheduled Job Complete: frappe.desk.form.document_follow.send_hourly_updates for dcodeerp13.com
2022-11-25 14:16:49,535 INFO scheduler Scheduled Job Start: frappe.deferred_insert.save_to_db for dcodeerp13.com
2022-11-25 14:16:49,791 INFO scheduler Scheduled Job Complete: frappe.deferred_insert.save_to_db for dcodeerp13.com
2022-11-25 14:16:49,884 INFO scheduler Scheduled Job Start: frappe.desk.page.backups.backups.delete_downloadable_backups for dcodeerp13.com
2022-11-25 14:16:50,258 INFO scheduler Scheduled Job Complete: frappe.desk.page.backups.backups.delete_downloadable_backups for dcodeerp13.com
2022-11-25 14:16:50,367 INFO scheduler Scheduled Job Start: frappe.utils.error.collect_error_snapshots for dcodeerp13.com
2022-11-25 14:16:50,791 INFO scheduler Scheduled Job Complete: frappe.utils.error.collect_error_snapshots for dcodeerp13.com
2022-11-25 14:16:50,941 INFO scheduler Scheduled Job Start: frappe.model.utils.user_settings.sync_user_settings for dcodeerp13.com
2022-11-25 14:16:51,526 INFO scheduler Scheduled Job Complete: frappe.model.utils.user_settings.sync_user_settings for dcodeerp13.com
2022-11-25 14:16:51,646 INFO scheduler Scheduled Job Start: frappe.model.utils.link_count.update_link_count for dcodeerp13.com
2022-11-25 14:16:51,914 INFO scheduler Scheduled Job Complete: frappe.model.utils.link_count.update_link_count for dcodeerp13.com
2022-11-25 14:16:52,000 INFO scheduler Scheduled Job Start: frappe.monitor.flush for dcodeerp13.com
2022-11-25 14:16:52,301 INFO scheduler Scheduled Job Complete: frappe.monitor.flush for dcodeerp13.com
2022-11-25 14:16:52,392 INFO scheduler Scheduled Job Start: frappe.utils.global_search.sync_global_search for dcodeerp13.com
2022-11-25 14:16:53,039 INFO scheduler Scheduled Job Complete: frappe.utils.global_search.sync_global_search for dcodeerp13.com
2022-11-25 14:16:53,134 INFO scheduler Scheduled Job Start: frappe.integrations.doctype.razorpay_settings.razorpay_settings.capture_payment for dcodeerp13.com
2022-11-25 14:16:53,584 INFO scheduler Scheduled Job Complete: frappe.integrations.doctype.razorpay_settings.razorpay_settings.capture_payment for dcodeerp13.com
2022-11-25 14:16:53,657 INFO scheduler Scheduled Job Start: frappe.email.doctype.email_account.email_account.notify_unreplied for dcodeerp13.com
2022-11-25 14:16:53,978 INFO scheduler Scheduled Job Complete: frappe.email.doctype.email_account.email_account.notify_unreplied for dcodeerp13.com
2022-11-25 14:16:54,053 INFO scheduler Scheduled Job Start: frappe.email.doctype.email_account.email_account.pull for dcodeerp13.com
2022-11-25 14:16:54,375 INFO scheduler Scheduled Job Complete: frappe.email.doctype.email_account.email_account.pull for dcodeerp13.com
2022-11-25 14:16:54,446 INFO scheduler Scheduled Job Start: frappe.email.queue.flush for dcodeerp13.com
2022-11-25 14:16:54,656 INFO scheduler Scheduled Job Complete: frappe.email.queue.flush for dcodeerp13.com
2022-11-25 14:16:54,738 INFO scheduler Scheduled Job Start: frappe.twofactor.delete_all_barcodes_for_users for dcodeerp13.com
2022-11-25 14:16:55,085 INFO scheduler Scheduled Job Complete: frappe.twofactor.delete_all_barcodes_for_users for dcodeerp13.com
2022-11-25 14:16:55,198 INFO scheduler Scheduled Job Start: frappe.website.doctype.web_page.web_page.check_publish_status for dcodeerp13.com
2022-11-25 14:16:55,720 INFO scheduler Scheduled Job Complete: frappe.website.doctype.web_page.web_page.check_publish_status for dcodeerp13.com
2022-11-25 14:16:55,834 INFO scheduler Scheduled Job Start: frappe.oauth.delete_oauth2_data for dcodeerp13.com
2022-11-25 14:16:56,441 INFO scheduler Scheduled Job Complete: frappe.oauth.delete_oauth2_data for dcodeerp13.com
2022-11-25 14:17:03,970 DEBUG scheduler Queued events for site dcodeerp13.com
2022-11-25 14:18:04,221 DEBUG scheduler Queued events for site dcodeerp13.com
2022-11-25 14:19:04,496 DEBUG scheduler Queued events for site dcodeerp13.com
2022-11-25 14:20:04,781 INFO scheduler Scheduled Job Start: erpnext.crm.doctype.social_media_post.social_media_post.process_scheduled_social_media_posts for dcodeerp13.com
2022-11-25 14:20:04,852 DEBUG scheduler Queued events for site dcodeerp13.com
2022-11-25 14:20:05,116 INFO scheduler Scheduled Job Complete: erpnext.crm.doctype.social_media_post.social_media_post.process_scheduled_social_media_posts for dcodeerp13.com
2022-11-25 14:20:05,228 INFO scheduler Scheduled Job Start: erpnext.hr.doctype.interview.interview.send_interview_reminder for dcodeerp13.com
2022-11-25 14:20:05,594 INFO scheduler Scheduled Job Complete: erpnext.hr.doctype.interview.interview.send_interview_reminder for dcodeerp13.com
2022-11-25 14:20:05,691 INFO scheduler Scheduled Job Start: erpnext.healthcare.doctype.patient_appointment.patient_appointment.send_appointment_reminder for dcodeerp13.com
2022-11-25 14:20:05,994 INFO scheduler Scheduled Job Complete: erpnext.healthcare.doctype.patient_appointment.patient_appointment.send_appointment_reminder for dcodeerp13.com
2022-11-25 14:20:06,097 INFO scheduler Scheduled Job Start: erpnext.projects.doctype.project.project.project_status_update_reminder for dcodeerp13.com
2022-11-25 14:20:06,565 INFO scheduler Scheduled Job Complete: erpnext.projects.doctype.project.project.project_status_update_reminder for dcodeerp13.com
2022-11-25 14:20:06,681 INFO scheduler Scheduled Job Start: erpnext.manufacturing.doctype.bom_update_log.bom_update_log.resume_bom_cost_update_jobs for dcodeerp13.com
2022-11-25 14:20:07,154 INFO scheduler Scheduled Job Complete: erpnext.manufacturing.doctype.bom_update_log.bom_update_log.resume_bom_cost_update_jobs for dcodeerp13.com
2022-11-25 14:20:07,318 INFO scheduler Scheduled Job Start: frappe.monitor.flush for dcodeerp13.com
2022-11-25 14:20:07,637 INFO scheduler Scheduled Job Complete: frappe.monitor.flush for dcodeerp13.com
2022-11-25 14:20:07,726 INFO scheduler Scheduled Job Start: frappe.utils.global_search.sync_global_search for dcodeerp13.com
2022-11-25 14:20:08,022 INFO scheduler Scheduled Job Complete: frappe.utils.global_search.sync_global_search for dcodeerp13.com
2022-11-25 14:20:08,135 INFO scheduler Scheduled Job Start: frappe.integrations.doctype.razorpay_settings.razorpay_settings.capture_payment for dcodeerp13.com
2022-11-25 14:20:08,542 INFO scheduler Scheduled Job Complete: frappe.integrations.doctype.razorpay_settings.razorpay_settings.capture_payment for dcodeerp13.com
2022-11-25 14:20:08,618 INFO scheduler Scheduled Job Start: frappe.email.doctype.email_account.email_account.notify_unreplied for dcodeerp13.com
2022-11-25 14:20:08,912 INFO scheduler Scheduled Job Complete: frappe.email.doctype.email_account.email_account.notify_unreplied for dcodeerp13.com
2022-11-25 14:20:08,991 INFO scheduler Scheduled Job Start: frappe.email.doctype.email_account.email_account.pull for dcodeerp13.com
2022-11-25 14:20:09,285 INFO scheduler Scheduled Job Complete: frappe.email.doctype.email_account.email_account.pull for dcodeerp13.com
2022-11-25 14:20:09,360 INFO scheduler Scheduled Job Start: frappe.email.queue.flush for dcodeerp13.com
2022-11-25 14:20:09,588 INFO scheduler Scheduled Job Complete: frappe.email.queue.flush for dcodeerp13.com
2022-11-25 14:21:05,106 DEBUG scheduler Queued events for site dcodeerp13.com
2022-11-25 14:22:05,371 DEBUG scheduler Queued events for site dcodeerp13.com
2022-11-25 14:23:05,609 DEBUG scheduler Queued events for site dcodeerp13.com
2022-11-25 14:24:05,896 INFO scheduler Scheduled Job Start: erpnext.crm.doctype.social_media_post.social_media_post.process_scheduled_social_media_posts for dcodeerp13.com
2022-11-25 14:24:05,952 DEBUG scheduler Queued events for site dcodeerp13.com
2022-11-25 14:24:06,187 INFO scheduler Scheduled Job Complete: erpnext.crm.doctype.social_media_post.social_media_post.process_scheduled_social_media_posts for dcodeerp13.com
2022-11-25 14:24:06,266 INFO scheduler Scheduled Job Start: erpnext.hr.doctype.interview.interview.send_interview_reminder for dcodeerp13.com
2022-11-25 14:24:06,519 INFO scheduler Scheduled Job Complete: erpnext.hr.doctype.interview.interview.send_interview_reminder for dcodeerp13.com
2022-11-25 14:24:06,597 INFO scheduler Scheduled Job Start: erpnext.healthcare.doctype.patient_appointment.patient_appointment.send_appointment_reminder for dcodeerp13.com
2022-11-25 14:24:06,830 INFO scheduler Scheduled Job Complete: erpnext.healthcare.doctype.patient_appointment.patient_appointment.send_appointment_reminder for dcodeerp13.com
2022-11-25 14:24:06,907 INFO scheduler Scheduled Job Start: erpnext.projects.doctype.project.project.project_status_update_reminder for dcodeerp13.com
2022-11-25 14:24:07,192 INFO scheduler Scheduled Job Complete: erpnext.projects.doctype.project.project.project_status_update_reminder for dcodeerp13.com
2022-11-25 14:24:07,267 INFO scheduler Scheduled Job Start: frappe.monitor.flush for dcodeerp13.com
2022-11-25 14:24:07,492 INFO scheduler Scheduled Job Complete: frappe.monitor.flush for dcodeerp13.com
2022-11-25 14:24:07,586 INFO scheduler Scheduled Job Start: frappe.utils.global_search.sync_global_search for dcodeerp13.com
2022-11-25 14:24:07,863 INFO scheduler Scheduled Job Complete: frappe.utils.global_search.sync_global_search for dcodeerp13.com
2022-11-25 14:24:07,969 INFO scheduler Scheduled Job Start: frappe.integrations.doctype.razorpay_settings.razorpay_settings.capture_payment for dcodeerp13.com
2022-11-25 14:24:08,309 INFO scheduler Scheduled Job Complete: frappe.integrations.doctype.razorpay_settings.razorpay_settings.capture_payment for dcodeerp13.com
2022-11-25 14:24:08,386 INFO scheduler Scheduled Job Start: frappe.email.doctype.email_account.email_account.notify_unreplied for dcodeerp13.com
2022-11-25 14:24:08,696 INFO scheduler Scheduled Job Complete: frappe.email.doctype.email_account.email_account.notify_unreplied for dcodeerp13.com
2022-11-25 14:24:08,780 INFO scheduler Scheduled Job Start: frappe.email.doctype.email_account.email_account.pull for dcodeerp13.com
2022-11-25 14:24:09,066 INFO scheduler Scheduled Job Complete: frappe.email.doctype.email_account.email_account.pull for dcodeerp13.com
2022-11-25 14:24:09,158 INFO scheduler Scheduled Job Start: frappe.email.queue.flush for dcodeerp13.com
2022-11-25 14:24:09,422 INFO scheduler Scheduled Job Complete: frappe.email.queue.flush for dcodeerp13.com
2022-11-25 14:25:06,320 INFO scheduler Scheduled Job Start: erpnext.manufacturing.doctype.bom_update_log.bom_update_log.resume_bom_cost_update_jobs for dcodeerp13.com
2022-11-25 14:25:06,324 DEBUG scheduler Queued events for site dcodeerp13.com
2022-11-25 14:25:06,705 INFO scheduler Scheduled Job Complete: erpnext.manufacturing.doctype.bom_update_log.bom_update_log.resume_bom_cost_update_jobs for dcodeerp13.com
2022-11-25 14:26:06,598 DEBUG scheduler Queued events for site dcodeerp13.com
2022-11-25 14:27:06,846 DEBUG scheduler Queued events for site dcodeerp13.com
2022-11-25 14:28:07,067 INFO scheduler Scheduled Job Start: erpnext.crm.doctype.social_media_post.social_media_post.process_scheduled_social_media_posts for dcodeerp13.com
2022-11-25 14:28:07,115 DEBUG scheduler Queued events for site dcodeerp13.com
2022-11-25 14:28:07,350 INFO scheduler Scheduled Job Complete: erpnext.crm.doctype.social_media_post.social_media_post.process_scheduled_social_media_posts for dcodeerp13.com
2022-11-25 14:28:07,421 INFO scheduler Scheduled Job Start: erpnext.hr.doctype.interview.interview.send_interview_reminder for dcodeerp13.com
2022-11-25 14:28:07,784 INFO scheduler Scheduled Job Complete: erpnext.hr.doctype.interview.interview.send_interview_reminder for dcodeerp13.com
2022-11-25 14:28:07,856 INFO scheduler Scheduled Job Start: erpnext.healthcare.doctype.patient_appointment.patient_appointment.send_appointment_reminder for dcodeerp13.com
2022-11-25 14:28:08,200 INFO scheduler Scheduled Job Complete: erpnext.healthcare.doctype.patient_appointment.patient_appointment.send_appointment_reminder for dcodeerp13.com
2022-11-25 14:28:08,276 INFO scheduler Scheduled Job Start: erpnext.projects.doctype.project.project.project_status_update_reminder for dcodeerp13.com
2022-11-25 14:28:08,580 INFO scheduler Scheduled Job Complete: erpnext.projects.doctype.project.project.project_status_update_reminder for dcodeerp13.com
2022-11-25 14:28:08,659 INFO scheduler Scheduled Job Start: frappe.monitor.flush for dcodeerp13.com
2022-11-25 14:28:08,879 INFO scheduler Scheduled Job Complete: frappe.monitor.flush for dcodeerp13.com
2022-11-25 14:28:08,986 INFO scheduler Scheduled Job Start: frappe.utils.global_search.sync_global_search for dcodeerp13.com
2022-11-25 14:28:09,223 INFO scheduler Scheduled Job Complete: frappe.utils.global_search.sync_global_search for dcodeerp13.com
2022-11-25 14:28:09,320 INFO scheduler Scheduled Job Start: frappe.integrations.doctype.razorpay_settings.razorpay_settings.capture_payment for dcodeerp13.com
2022-11-25 14:28:09,680 INFO scheduler Scheduled Job Complete: frappe.integrations.doctype.razorpay_settings.razorpay_settings.capture_payment for dcodeerp13.com
2022-11-25 14:28:09,754 INFO scheduler Scheduled Job Start: frappe.email.doctype.email_account.email_account.notify_unreplied for dcodeerp13.com
2022-11-25 14:28:10,092 INFO scheduler Scheduled Job Complete: frappe.email.doctype.email_account.email_account.notify_unreplied for dcodeerp13.com
2022-11-25 14:28:10,169 INFO scheduler Scheduled Job Start: frappe.email.doctype.email_account.email_account.pull for dcodeerp13.com
2022-11-25 14:28:10,452 INFO scheduler Scheduled Job Complete: frappe.email.doctype.email_account.email_account.pull for dcodeerp13.com
2022-11-25 14:28:10,524 INFO scheduler Scheduled Job Start: frappe.email.queue.flush for dcodeerp13.com
2022-11-25 14:28:10,770 INFO scheduler Scheduled Job Complete: frappe.email.queue.flush for dcodeerp13.com
2022-11-25 14:29:07,389 DEBUG scheduler Queued events for site dcodeerp13.com
2022-11-25 14:30:07,792 INFO scheduler Scheduled Job Start: erpnext.accounts.doctype.gl_entry.gl_entry.rename_gle_sle_docs for dcodeerp13.com
2022-11-25 14:30:07,865 DEBUG scheduler Queued events for site dcodeerp13.com
2022-11-25 14:30:08,547 INFO scheduler Scheduled Job Complete: erpnext.accounts.doctype.gl_entry.gl_entry.rename_gle_sle_docs for dcodeerp13.com
2022-11-25 14:30:08,693 INFO scheduler Scheduled Job Start: erpnext.utilities.doctype.video.video.update_youtube_data for dcodeerp13.com
2022-11-25 14:30:09,253 INFO scheduler Scheduled Job Complete: erpnext.utilities.doctype.video.video.update_youtube_data for dcodeerp13.com
2022-11-25 14:30:09,344 INFO scheduler Scheduled Job Start: erpnext.manufacturing.doctype.bom_update_log.bom_update_log.resume_bom_cost_update_jobs for dcodeerp13.com
2022-11-25 14:30:09,728 INFO scheduler Scheduled Job Complete: erpnext.manufacturing.doctype.bom_update_log.bom_update_log.resume_bom_cost_update_jobs for dcodeerp13.com
2022-11-25 14:30:09,832 INFO scheduler Scheduled Job Start: frappe.twofactor.delete_all_barcodes_for_users for dcodeerp13.com
2022-11-25 14:30:10,290 INFO scheduler Scheduled Job Complete: frappe.twofactor.delete_all_barcodes_for_users for dcodeerp13.com
2022-11-25 14:30:10,391 INFO scheduler Scheduled Job Start: frappe.website.doctype.web_page.web_page.check_publish_status for dcodeerp13.com
2022-11-25 14:30:10,842 INFO scheduler Scheduled Job Complete: frappe.website.doctype.web_page.web_page.check_publish_status for dcodeerp13.com
2022-11-25 14:30:10,942 INFO scheduler Scheduled Job Start: frappe.oauth.delete_oauth2_data for dcodeerp13.com
2022-11-25 14:30:11,401 INFO scheduler Scheduled Job Complete: frappe.oauth.delete_oauth2_data for dcodeerp13.com
2022-11-25 14:32:15,858 INFO scheduler Scheduled Job Start: erpnext.crm.doctype.social_media_post.social_media_post.process_scheduled_social_media_posts for dcodeerp13.com
2022-11-25 14:32:15,969 DEBUG scheduler Queued events for site dcodeerp13.com
2022-11-25 14:32:16,486 INFO scheduler Scheduled Job Complete: erpnext.crm.doctype.social_media_post.social_media_post.process_scheduled_social_media_posts for dcodeerp13.com
2022-11-25 14:32:16,582 INFO scheduler Scheduled Job Start: erpnext.hr.doctype.interview.interview.send_interview_reminder for dcodeerp13.com
2022-11-25 14:32:17,201 INFO scheduler Scheduled Job Complete: erpnext.hr.doctype.interview.interview.send_interview_reminder for dcodeerp13.com
2022-11-25 14:32:17,294 INFO scheduler Scheduled Job Start: erpnext.healthcare.doctype.patient_appointment.patient_appointment.send_appointment_reminder for dcodeerp13.com
2022-11-25 14:32:17,717 INFO scheduler Scheduled Job Complete: erpnext.healthcare.doctype.patient_appointment.patient_appointment.send_appointment_reminder for dcodeerp13.com
2022-11-25 14:32:17,796 INFO scheduler Scheduled Job Start: erpnext.projects.doctype.project.project.project_status_update_reminder for dcodeerp13.com
2022-11-25 14:32:18,239 INFO scheduler Scheduled Job Complete: erpnext.projects.doctype.project.project.project_status_update_reminder for dcodeerp13.com
2022-11-25 14:32:18,319 INFO scheduler Scheduled Job Start: frappe.monitor.flush for dcodeerp13.com
2022-11-25 14:32:18,609 INFO scheduler Scheduled Job Complete: frappe.monitor.flush for dcodeerp13.com
2022-11-25 14:32:18,700 INFO scheduler Scheduled Job Start: frappe.utils.global_search.sync_global_search for dcodeerp13.com
2022-11-25 14:32:18,941 INFO scheduler Scheduled Job Complete: frappe.utils.global_search.sync_global_search for dcodeerp13.com
2022-11-25 14:32:19,058 INFO scheduler Scheduled Job Start: frappe.integrations.doctype.razorpay_settings.razorpay_settings.capture_payment for dcodeerp13.com
2022-11-25 14:32:19,799 INFO scheduler Scheduled Job Complete: frappe.integrations.doctype.razorpay_settings.razorpay_settings.capture_payment for dcodeerp13.com
2022-11-25 14:32:19,920 INFO scheduler Scheduled Job Start: frappe.email.doctype.email_account.email_account.notify_unreplied for dcodeerp13.com
2022-11-25 14:32:20,379 INFO scheduler Scheduled Job Complete: frappe.email.doctype.email_account.email_account.notify_unreplied for dcodeerp13.com
2022-11-25 14:32:20,463 INFO scheduler Scheduled Job Start: frappe.email.doctype.email_account.email_account.pull for dcodeerp13.com
2022-11-25 14:32:20,771 INFO scheduler Scheduled Job Complete: frappe.email.doctype.email_account.email_account.pull for dcodeerp13.com
2022-11-25 14:32:20,869 INFO scheduler Scheduled Job Start: frappe.email.queue.flush for dcodeerp13.com
2022-11-25 14:32:21,092 INFO scheduler Scheduled Job Complete: frappe.email.queue.flush for dcodeerp13.com
2022-11-25 14:33:16,314 DEBUG scheduler Queued events for site dcodeerp13.com
2022-11-25 14:34:16,622 DEBUG scheduler Queued events for site dcodeerp13.com
2022-11-25 14:35:16,993 DEBUG scheduler Queued events for site dcodeerp13.com
2022-11-25 14:35:17,048 INFO scheduler Scheduled Job Start: erpnext.manufacturing.doctype.bom_update_log.bom_update_log.resume_bom_cost_update_jobs for dcodeerp13.com
2022-11-25 14:35:17,983 INFO scheduler Scheduled Job Complete: erpnext.manufacturing.doctype.bom_update_log.bom_update_log.resume_bom_cost_update_jobs for dcodeerp13.com
2022-11-25 14:36:17,439 INFO scheduler Scheduled Job Start: erpnext.crm.doctype.social_media_post.social_media_post.process_scheduled_social_media_posts for dcodeerp13.com
2022-11-25 14:36:17,526 DEBUG scheduler Queued events for site dcodeerp13.com
2022-11-25 14:36:18,037 INFO scheduler Scheduled Job Complete: erpnext.crm.doctype.social_media_post.social_media_post.process_scheduled_social_media_posts for dcodeerp13.com
2022-11-25 14:36:18,121 INFO scheduler Scheduled Job Start: erpnext.hr.doctype.interview.interview.send_interview_reminder for dcodeerp13.com
2022-11-25 14:36:18,478 INFO scheduler Scheduled Job Complete: erpnext.hr.doctype.interview.interview.send_interview_reminder for dcodeerp13.com
2022-11-25 14:36:18,596 INFO scheduler Scheduled Job Start: erpnext.healthcare.doctype.patient_appointment.patient_appointment.send_appointment_reminder for dcodeerp13.com
2022-11-25 14:36:18,974 INFO scheduler Scheduled Job Complete: erpnext.healthcare.doctype.patient_appointment.patient_appointment.send_appointment_reminder for dcodeerp13.com
2022-11-25 14:36:19,051 INFO scheduler Scheduled Job Start: erpnext.projects.doctype.project.project.project_status_update_reminder for dcodeerp13.com
2022-11-25 14:36:20,115 INFO scheduler Scheduled Job Complete: erpnext.projects.doctype.project.project.project_status_update_reminder for dcodeerp13.com
2022-11-25 14:36:20,193 INFO scheduler Scheduled Job Start: frappe.monitor.flush for dcodeerp13.com
2022-11-25 14:36:20,383 INFO scheduler Scheduled Job Complete: frappe.monitor.flush for dcodeerp13.com
2022-11-25 14:36:20,465 INFO scheduler Scheduled Job Start: frappe.utils.global_search.sync_global_search for dcodeerp13.com
2022-11-25 14:36:20,647 INFO scheduler Scheduled Job Complete: frappe.utils.global_search.sync_global_search for dcodeerp13.com
2022-11-25 14:36:20,723 INFO scheduler Scheduled Job Start: frappe.integrations.doctype.razorpay_settings.razorpay_settings.capture_payment for dcodeerp13.com
2022-11-25 14:36:21,285 INFO scheduler Scheduled Job Complete: frappe.integrations.doctype.razorpay_settings.razorpay_settings.capture_payment for dcodeerp13.com
2022-11-25 14:36:21,364 INFO scheduler Scheduled Job Start: frappe.email.doctype.email_account.email_account.notify_unreplied for dcodeerp13.com
2022-11-25 14:36:22,091 INFO scheduler Scheduled Job Complete: frappe.email.doctype.email_account.email_account.notify_unreplied for dcodeerp13.com
2022-11-25 14:36:22,192 INFO scheduler Scheduled Job Start: frappe.email.doctype.email_account.email_account.pull for dcodeerp13.com
2022-11-25 14:36:22,627 INFO scheduler Scheduled Job Complete: frappe.email.doctype.email_account.email_account.pull for dcodeerp13.com
2022-11-25 14:36:22,723 INFO scheduler Scheduled Job Start: frappe.email.queue.flush for dcodeerp13.com
2022-11-25 14:36:22,985 INFO scheduler Scheduled Job Complete: frappe.email.queue.flush for dcodeerp13.com
2022-11-25 14:37:17,866 DEBUG scheduler Queued events for site dcodeerp13.com
2022-11-25 14:38:18,313 DEBUG scheduler Queued events for site dcodeerp13.com
2022-11-25 14:39:18,604 DEBUG scheduler Queued events for site dcodeerp13.com
2022-11-25 14:40:18,906 INFO scheduler Scheduled Job Start: erpnext.crm.doctype.social_media_post.social_media_post.process_scheduled_social_media_posts for dcodeerp13.com
2022-11-25 14:40:18,981 DEBUG scheduler Queued events for site dcodeerp13.com
2022-11-25 14:40:19,204 INFO scheduler Scheduled Job Complete: erpnext.crm.doctype.social_media_post.social_media_post.process_scheduled_social_media_posts for dcodeerp13.com
2022-11-25 14:40:19,285 INFO scheduler Scheduled Job Start: erpnext.hr.doctype.interview.interview.send_interview_reminder for dcodeerp13.com
2022-11-25 14:40:19,769 INFO scheduler Scheduled Job Complete: erpnext.hr.doctype.interview.interview.send_interview_reminder for dcodeerp13.com
2022-11-25 14:40:19,847 INFO scheduler Scheduled Job Start: erpnext.healthcare.doctype.patient_appointment.patient_appointment.send_appointment_reminder for dcodeerp13.com
2022-11-25 14:40:20,090 INFO scheduler Scheduled Job Complete: erpnext.healthcare.doctype.patient_appointment.patient_appointment.send_appointment_reminder for dcodeerp13.com
2022-11-25 14:40:20,166 INFO scheduler Scheduled Job Start: erpnext.projects.doctype.project.project.project_status_update_reminder for dcodeerp13.com
2022-11-25 14:40:20,571 INFO scheduler Scheduled Job Complete: erpnext.projects.doctype.project.project.project_status_update_reminder for dcodeerp13.com
2022-11-25 14:40:20,647 INFO scheduler Scheduled Job Start: erpnext.manufacturing.doctype.bom_update_log.bom_update_log.resume_bom_cost_update_jobs for dcodeerp13.com
2022-11-25 14:40:21,010 INFO scheduler Scheduled Job Complete: erpnext.manufacturing.doctype.bom_update_log.bom_update_log.resume_bom_cost_update_jobs for dcodeerp13.com
2022-11-25 14:40:21,102 INFO scheduler Scheduled Job Start: frappe.monitor.flush for dcodeerp13.com
2022-11-25 14:40:21,292 INFO scheduler Scheduled Job Complete: frappe.monitor.flush for dcodeerp13.com
2022-11-25 14:40:21,373 INFO scheduler Scheduled Job Start: frappe.utils.global_search.sync_global_search for dcodeerp13.com
2022-11-25 14:40:21,568 INFO scheduler Scheduled Job Complete: frappe.utils.global_search.sync_global_search for dcodeerp13.com
2022-11-25 14:40:21,644 INFO scheduler Scheduled Job Start: frappe.integrations.doctype.razorpay_settings.razorpay_settings.capture_payment for dcodeerp13.com
2022-11-25 14:40:22,010 INFO scheduler Scheduled Job Complete: frappe.integrations.doctype.razorpay_settings.razorpay_settings.capture_payment for dcodeerp13.com
2022-11-25 14:40:22,110 INFO scheduler Scheduled Job Start: frappe.email.doctype.email_account.email_account.notify_unreplied for dcodeerp13.com
2022-11-25 14:40:22,440 INFO scheduler Scheduled Job Complete: frappe.email.doctype.email_account.email_account.notify_unreplied for dcodeerp13.com
2022-11-25 14:40:22,546 INFO scheduler Scheduled Job Start: frappe.email.doctype.email_account.email_account.pull for dcodeerp13.com
2022-11-25 14:40:22,899 INFO scheduler Scheduled Job Complete: frappe.email.doctype.email_account.email_account.pull for dcodeerp13.com
2022-11-25 14:40:22,997 INFO scheduler Scheduled Job Start: frappe.email.queue.flush for dcodeerp13.com
2022-11-25 14:40:23,308 INFO scheduler Scheduled Job Complete: frappe.email.queue.flush for dcodeerp13.com
2022-11-25 14:41:19,322 DEBUG scheduler Queued events for site dcodeerp13.com
2022-11-25 14:42:19,648 DEBUG scheduler Queued events for site dcodeerp13.com
2022-11-25 14:43:19,951 DEBUG scheduler Queued events for site dcodeerp13.com
2022-11-25 14:44:20,266 INFO scheduler Scheduled Job Start: erpnext.crm.doctype.social_media_post.social_media_post.process_scheduled_social_media_posts for dcodeerp13.com
2022-11-25 14:44:20,331 DEBUG scheduler Queued events for site dcodeerp13.com
2022-11-25 14:44:20,539 INFO scheduler Scheduled Job Complete: erpnext.crm.doctype.social_media_post.social_media_post.process_scheduled_social_media_posts for dcodeerp13.com
2022-11-25 14:44:20,614 INFO scheduler Scheduled Job Start: erpnext.hr.doctype.interview.interview.send_interview_reminder for dcodeerp13.com
2022-11-25 14:44:20,928 INFO scheduler Scheduled Job Complete: erpnext.hr.doctype.interview.interview.send_interview_reminder for dcodeerp13.com
2022-11-25 14:44:21,007 INFO scheduler Scheduled Job Start: erpnext.healthcare.doctype.patient_appointment.patient_appointment.send_appointment_reminder for dcodeerp13.com
2022-11-25 14:44:21,235 INFO scheduler Scheduled Job Complete: erpnext.healthcare.doctype.patient_appointment.patient_appointment.send_appointment_reminder for dcodeerp13.com
2022-11-25 14:44:21,312 INFO scheduler Scheduled Job Start: erpnext.projects.doctype.project.project.project_status_update_reminder for dcodeerp13.com
2022-11-25 14:44:21,622 INFO scheduler Scheduled Job Complete: erpnext.projects.doctype.project.project.project_status_update_reminder for dcodeerp13.com
2022-11-25 14:44:21,699 INFO scheduler Scheduled Job Start: frappe.monitor.flush for dcodeerp13.com
2022-11-25 14:44:21,915 INFO scheduler Scheduled Job Complete: frappe.monitor.flush for dcodeerp13.com
2022-11-25 14:44:21,999 INFO scheduler Scheduled Job Start: frappe.utils.global_search.sync_global_search for dcodeerp13.com
2022-11-25 14:44:22,190 INFO scheduler Scheduled Job Complete: frappe.utils.global_search.sync_global_search for dcodeerp13.com
2022-11-25 14:44:22,266 INFO scheduler Scheduled Job Start: frappe.integrations.doctype.razorpay_settings.razorpay_settings.capture_payment for dcodeerp13.com
2022-11-25 14:44:22,589 INFO scheduler Scheduled Job Complete: frappe.integrations.doctype.razorpay_settings.razorpay_settings.capture_payment for dcodeerp13.com
2022-11-25 14:44:22,665 INFO scheduler Scheduled Job Start: frappe.email.doctype.email_account.email_account.notify_unreplied for dcodeerp13.com
2022-11-25 14:44:22,981 INFO scheduler Scheduled Job Complete: frappe.email.doctype.email_account.email_account.notify_unreplied for dcodeerp13.com
2022-11-25 14:44:23,059 INFO scheduler Scheduled Job Start: frappe.email.doctype.email_account.email_account.pull for dcodeerp13.com
2022-11-25 14:44:23,358 INFO scheduler Scheduled Job Complete: frappe.email.doctype.email_account.email_account.pull for dcodeerp13.com
2022-11-25 14:44:23,437 INFO scheduler Scheduled Job Start: frappe.email.queue.flush for dcodeerp13.com
2022-11-25 14:44:23,683 INFO scheduler Scheduled Job Complete: frappe.email.queue.flush for dcodeerp13.com
2022-11-25 14:45:20,636 INFO scheduler Scheduled Job Start: erpnext.manufacturing.doctype.bom_update_log.bom_update_log.resume_bom_cost_update_jobs for dcodeerp13.com
2022-11-25 14:45:20,677 DEBUG scheduler Queued events for site dcodeerp13.com
2022-11-25 14:45:20,979 INFO scheduler Scheduled Job Complete: erpnext.manufacturing.doctype.bom_update_log.bom_update_log.resume_bom_cost_update_jobs for dcodeerp13.com
2022-11-25 14:45:21,074 INFO scheduler Scheduled Job Start: frappe.twofactor.delete_all_barcodes_for_users for dcodeerp13.com
2022-11-25 14:45:21,480 INFO scheduler Scheduled Job Complete: frappe.twofactor.delete_all_barcodes_for_users for dcodeerp13.com
2022-11-25 14:45:21,571 INFO scheduler Scheduled Job Start: frappe.website.doctype.web_page.web_page.check_publish_status for dcodeerp13.com
2022-11-25 14:45:22,253 INFO scheduler Scheduled Job Complete: frappe.website.doctype.web_page.web_page.check_publish_status for dcodeerp13.com
2022-11-25 14:45:22,356 INFO scheduler Scheduled Job Start: frappe.oauth.delete_oauth2_data for dcodeerp13.com
2022-11-25 14:45:23,890 INFO scheduler Scheduled Job Complete: frappe.oauth.delete_oauth2_data for dcodeerp13.com
2022-11-25 14:46:21,014 DEBUG scheduler Queued events for site dcodeerp13.com
2022-11-25 14:47:21,295 DEBUG scheduler Queued events for site dcodeerp13.com
2022-11-25 14:48:21,661 INFO scheduler Scheduled Job Start: erpnext.crm.doctype.social_media_post.social_media_post.process_scheduled_social_media_posts for dcodeerp13.com
2022-11-25 14:48:21,676 DEBUG scheduler Queued events for site dcodeerp13.com
2022-11-25 14:48:21,922 INFO scheduler Scheduled Job Complete: erpnext.crm.doctype.social_media_post.social_media_post.process_scheduled_social_media_posts for dcodeerp13.com
2022-11-25 14:48:22,002 INFO scheduler Scheduled Job Start: erpnext.hr.doctype.interview.interview.send_interview_reminder for dcodeerp13.com
2022-11-25 14:48:22,351 INFO scheduler Scheduled Job Complete: erpnext.hr.doctype.interview.interview.send_interview_reminder for dcodeerp13.com
2022-11-25 14:48:22,428 INFO scheduler Scheduled Job Start: erpnext.healthcare.doctype.patient_appointment.patient_appointment.send_appointment_reminder for dcodeerp13.com
2022-11-25 14:48:22,706 INFO scheduler Scheduled Job Complete: erpnext.healthcare.doctype.patient_appointment.patient_appointment.send_appointment_reminder for dcodeerp13.com
2022-11-25 14:48:22,782 INFO scheduler Scheduled Job Start: erpnext.projects.doctype.project.project.project_status_update_reminder for dcodeerp13.com
2022-11-25 14:48:23,120 INFO scheduler Scheduled Job Complete: erpnext.projects.doctype.project.project.project_status_update_reminder for dcodeerp13.com
2022-11-25 14:48:23,199 INFO scheduler Scheduled Job Start: frappe.monitor.flush for dcodeerp13.com
2022-11-25 14:48:23,424 INFO scheduler Scheduled Job Complete: frappe.monitor.flush for dcodeerp13.com
2022-11-25 14:48:23,537 INFO scheduler Scheduled Job Start: frappe.utils.global_search.sync_global_search for dcodeerp13.com
2022-11-25 14:48:23,721 INFO scheduler Scheduled Job Complete: frappe.utils.global_search.sync_global_search for dcodeerp13.com
2022-11-25 14:48:23,797 INFO scheduler Scheduled Job Start: frappe.integrations.doctype.razorpay_settings.razorpay_settings.capture_payment for dcodeerp13.com
2022-11-25 14:48:24,120 INFO scheduler Scheduled Job Complete: frappe.integrations.doctype.razorpay_settings.razorpay_settings.capture_payment for dcodeerp13.com
2022-11-25 14:48:24,198 INFO scheduler Scheduled Job Start: frappe.email.doctype.email_account.email_account.notify_unreplied for dcodeerp13.com
2022-11-25 14:48:24,487 INFO scheduler Scheduled Job Complete: frappe.email.doctype.email_account.email_account.notify_unreplied for dcodeerp13.com
2022-11-25 14:48:24,566 INFO scheduler Scheduled Job Start: frappe.email.doctype.email_account.email_account.pull for dcodeerp13.com
2022-11-25 14:48:24,849 INFO scheduler Scheduled Job Complete: frappe.email.doctype.email_account.email_account.pull for dcodeerp13.com
2022-11-25 14:48:24,927 INFO scheduler Scheduled Job Start: frappe.email.queue.flush for dcodeerp13.com
2022-11-25 14:48:25,172 INFO scheduler Scheduled Job Complete: frappe.email.queue.flush for dcodeerp13.com
2022-11-25 14:49:22,018 DEBUG scheduler Queued events for site dcodeerp13.com
2022-11-25 14:50:22,325 INFO scheduler Scheduled Job Start: erpnext.manufacturing.doctype.bom_update_log.bom_update_log.resume_bom_cost_update_jobs for dcodeerp13.com
2022-11-25 14:50:22,340 DEBUG scheduler Queued events for site dcodeerp13.com
2022-11-25 14:50:22,676 INFO scheduler Scheduled Job Complete: erpnext.manufacturing.doctype.bom_update_log.bom_update_log.resume_bom_cost_update_jobs for dcodeerp13.com
2022-11-25 14:51:22,658 DEBUG scheduler Queued events for site dcodeerp13.com
2022-11-25 14:52:22,992 INFO scheduler Scheduled Job Start: erpnext.crm.doctype.social_media_post.social_media_post.process_scheduled_social_media_posts for dcodeerp13.com
2022-11-25 14:52:23,087 DEBUG scheduler Queued events for site dcodeerp13.com
2022-11-25 14:52:23,258 INFO scheduler Scheduled Job Complete: erpnext.crm.doctype.social_media_post.social_media_post.process_scheduled_social_media_posts for dcodeerp13.com
2022-11-25 14:52:23,334 INFO scheduler Scheduled Job Start: erpnext.hr.doctype.interview.interview.send_interview_reminder for dcodeerp13.com
2022-11-25 14:52:23,664 INFO scheduler Scheduled Job Complete: erpnext.hr.doctype.interview.interview.send_interview_reminder for dcodeerp13.com
2022-11-25 14:52:23,747 INFO scheduler Scheduled Job Start: erpnext.healthcare.doctype.patient_appointment.patient_appointment.send_appointment_reminder for dcodeerp13.com
2022-11-25 14:52:24,014 INFO scheduler Scheduled Job Complete: erpnext.healthcare.doctype.patient_appointment.patient_appointment.send_appointment_reminder for dcodeerp13.com
2022-11-25 14:52:24,094 INFO scheduler Scheduled Job Start: erpnext.projects.doctype.project.project.project_status_update_reminder for dcodeerp13.com
2022-11-25 14:52:24,469 INFO scheduler Scheduled Job Complete: erpnext.projects.doctype.project.project.project_status_update_reminder for dcodeerp13.com
2022-11-25 14:52:24,549 INFO scheduler Scheduled Job Start: frappe.monitor.flush for dcodeerp13.com
2022-11-25 14:52:24,776 INFO scheduler Scheduled Job Complete: frappe.monitor.flush for dcodeerp13.com
2022-11-25 14:52:24,885 INFO scheduler Scheduled Job Start: frappe.utils.global_search.sync_global_search for dcodeerp13.com
2022-11-25 14:52:25,131 INFO scheduler Scheduled Job Complete: frappe.utils.global_search.sync_global_search for dcodeerp13.com
2022-11-25 14:52:25,243 INFO scheduler Scheduled Job Start: frappe.integrations.doctype.razorpay_settings.razorpay_settings.capture_payment for dcodeerp13.com
2022-11-25 14:52:25,623 INFO scheduler Scheduled Job Complete: frappe.integrations.doctype.razorpay_settings.razorpay_settings.capture_payment for dcodeerp13.com
2022-11-25 14:52:25,699 INFO scheduler Scheduled Job Start: frappe.email.doctype.email_account.email_account.notify_unreplied for dcodeerp13.com
2022-11-25 14:52:25,988 INFO scheduler Scheduled Job Complete: frappe.email.doctype.email_account.email_account.notify_unreplied for dcodeerp13.com
2022-11-25 14:52:26,072 INFO scheduler Scheduled Job Start: frappe.email.doctype.email_account.email_account.pull for dcodeerp13.com
2022-11-25 14:52:26,370 INFO scheduler Scheduled Job Complete: frappe.email.doctype.email_account.email_account.pull for dcodeerp13.com
2022-11-25 14:52:26,458 INFO scheduler Scheduled Job Start: frappe.email.queue.flush for dcodeerp13.com
2022-11-25 14:52:26,733 INFO scheduler Scheduled Job Complete: frappe.email.queue.flush for dcodeerp13.com
